<assembly xmlns="http://maven.apache.org/plugins/maven-assembly-plugin/assembly/1.1.0"
          xmlns:xsi="http://www.w3.org/2001/XMLSchema-instance"
          xsi:schemaLocation="http://maven.apache.org/plugins/maven-assembly-plugin/assembly/1.1.0 http://maven.apache.org/xsd/assembly-1.1.0.xsd">
    <id>test-jar-with-dependencies</id>
    <formats>
        <format>jar</format>
    </formats>
    <includeBaseDirectory>false</includeBaseDirectory>
    <dependencySets>
        <dependencySet>
            <outputDirectory>/</outputDirectory>
            <useProjectArtifact>true</useProjectArtifact>
            <!-- we're creating the test-jar as an attachement -->
            <useProjectAttachments>true</useProjectAttachments>
            <unpack>true</unpack>
            <unpackOptions>
                <excludes>
                    <exclude>META-INF/spring.factories</exclude>
                </excludes>
            </unpackOptions>
            <scope>test</scope>
        </dependencySet>
    </dependencySets>
    <fileSets>
        <fileSet>
            <directory>${project.build.directory}/test-classes</directory>
            <outputDirectory>/</outputDirectory>
            <includes>
                <include>**/*.class</include>
                <include>**/*.factories</include>
                <include>**/application.yml</include>
            </includes>
            <useDefaultExcludes>false</useDefaultExcludes>
        </fileSet>
    </fileSets>
</assembly>